[17-August-2020 08:41:46 UTC] Create Order:  OrderID: 6 | Array
(
    [type_id] => 2
    [user_ip] => 188.93.90.240
    [return_url] => https://www.autobus.ge/en/Order/DonationSuccess
    [amount] => 0.1
    [user_id] => 34
    [operator_id] => 10
    [operator_service_id] => 9
)

[17-August-2020 08:41:50 UTC] Create Order:  OrderID: 7 | Array
(
    [type_id] => 2
    [user_ip] => 188.93.90.240
    [return_url] => https://www.autobus.ge/en/Order/DonationSuccess
    [amount] => 0.1
    [user_id] => 35
    [operator_id] => 10
    [operator_service_id] => 9
)

[18-August-2020 10:36:38 UTC] Create Order:  OrderID: 8 | Array
(
    [type_id] => 2
    [user_ip] => 188.93.90.240
    [return_url] => https://www.autobus.ge/en/Order/DonationSuccess
    [amount] => 0.1
    [user_id] => 36
    [operator_id] => 10
    [operator_service_id] => 9
)

[19-August-2020 09:46:14 UTC] Create Order:  OrderID: 9 | Array
(
    [type_id] => 2
    [user_ip] => 188.93.90.240
    [return_url] => https://www.autobus.ge/en/Order/DonationSuccess
    [amount] => 0.1
    [user_id] => 10
    [operator_id] => 10
    [operator_service_id] => 9
)

[25-August-2020 11:13:35 UTC] Create Order:  OrderID: 10 | Array
(
    [type_id] => 2
    [user_ip] => 188.93.90.240
    [return_url] => https://www.autobus.ge/en/Order/DonationSuccess
    [amount] => 0.1
    [user_id] => 36
    [operator_id] => 10
    [operator_service_id] => 9
)

[31-August-2020 07:30:01 UTC] Create Order:  OrderID: 11 | Array
(
    [type_id] => 2
    [user_ip] => 188.93.90.240
    [return_url] => https://www.autobus.ge/en/Order/DonationSuccess
    [amount] => 0.1
    [user_id] => 37
    [operator_id] => 10
    [operator_service_id] => 9
)

[1-September-2020 10:39:37 UTC] Create Order:  OrderID: 12 | Array
(
    [type_id] => 2
    [user_ip] => 188.93.90.240
    [return_url] => https://www.autobus.ge/en/Order/DonationSuccess
    [amount] => 0.1
    [user_id] => 38
    [operator_id] => 10
    [operator_service_id] => 9
)

[1-September-2020 10:54:20 UTC] Create Order:  OrderID: 13 | Array
(
    [type_id] => 2
    [user_ip] => 188.93.90.240
    [return_url] => https://www.autobus.ge/en/Order/DonationSuccess
    [amount] => 0.1
    [user_id] => 39
    [operator_id] => 10
    [operator_service_id] => 9
)

[1-September-2020 10:55:19 UTC] Create Order:  OrderID: 14 | Array
(
    [type_id] => 2
    [user_ip] => 188.93.90.240
    [return_url] => https://www.autobus.ge/en/Order/DonationSuccess
    [amount] => 0.1
    [user_id] => 40
    [operator_id] => 10
    [operator_service_id] => 9
)

[1-September-2020 10:56:51 UTC] Create Order:  OrderID: 15 | Array
(
    [type_id] => 2
    [user_ip] => 188.93.90.240
    [return_url] => https://www.autobus.ge/en/Order/DonationSuccess
    [amount] => 0.1
    [user_id] => 41
    [operator_id] => 10
    [operator_service_id] => 9
)

[1-September-2020 10:57:04 UTC] Create Order:  OrderID: 16 | Array
(
    [type_id] => 2
    [user_ip] => 188.93.90.240
    [return_url] => https://www.autobus.ge/en/Order/DonationSuccess
    [amount] => 0.1
    [user_id] => 42
    [operator_id] => 10
    [operator_service_id] => 9
)

[1-September-2020 10:58:57 UTC] Create Order:  OrderID: 17 | Array
(
    [type_id] => 2
    [user_ip] => 188.93.90.240
    [return_url] => https://www.autobus.ge/en/Order/DonationSuccess
    [amount] => 0.1
    [user_id] => 43
    [operator_id] => 10
    [operator_service_id] => 9
)

[1-September-2020 11:32:52 UTC] Create Order:  OrderID: 18 | Array
(
    [type_id] => 2
    [user_ip] => 188.93.90.240
    [return_url] => https://www.autobus.ge/en/order/success
    [amount] => 0.1
    [user_id] => 44
    [operator_id] => 10
    [operator_service_id] => 9
)

[1-September-2020 11:37:26 UTC] Create Order:  OrderID: 19 | Array
(
    [type_id] => 2
    [user_ip] => 188.93.90.240
    [return_url] => https://www.autobus.ge/en/order/response
    [amount] => 0.1
    [user_id] => 45
    [operator_id] => 10
    [operator_service_id] => 9
)

[1-September-2020 11:44:16 UTC] Create Order:  OrderID: 20 | Array
(
    [type_id] => 2
    [user_ip] => 188.93.90.240
    [return_url] => https://www.autobus.ge/en/order/response
    [amount] => 0.1
    [user_id] => 46
    [operator_id] => 10
    [operator_service_id] => 9
)

[1-September-2020 11:52:00 UTC] Create Order:  OrderID: 21 | Array
(
    [type_id] => 2
    [user_ip] => 188.93.90.240
    [return_url] => https://www.autobus.ge/en/order/response
    [amount] => 0.1
    [user_id] => 47
    [operator_id] => 10
    [operator_service_id] => 9
)

[1-September-2020 11:55:46 UTC] Create Order:  OrderID: 22 | Array
(
    [type_id] => 2
    [user_ip] => 188.93.90.240
    [return_url] => https://www.autobus.ge/en/order/response
    [amount] => 0.1
    [user_id] => 48
    [operator_id] => 10
    [operator_service_id] => 9
)

[1-September-2020 11:58:24 UTC] Create Order:  OrderID: 23 | Array
(
    [type_id] => 2
    [user_ip] => 188.93.90.240
    [return_url] => https://www.autobus.ge/en/order/response
    [amount] => 0.1
    [user_id] => 49
    [operator_id] => 10
    [operator_service_id] => 9
)

[1-September-2020 12:05:36 UTC] Create Order:  OrderID: 24 | Array
(
    [type_id] => 2
    [user_ip] => 188.93.90.240
    [return_url] => https://www.autobus.ge/en/order/response
    [amount] => 0.1
    [user_id] => 50
    [operator_id] => 10
    [operator_service_id] => 9
)

[1-September-2020 12:07:58 UTC] Create Order:  OrderID: 25 | Array
(
    [type_id] => 2
    [user_ip] => 188.93.90.240
    [return_url] => https://www.autobus.ge/en/order/response
    [amount] => 0.1
    [user_id] => 51
    [operator_id] => 10
    [operator_service_id] => 9
)

[1-September-2020 12:15:03 UTC] Create Order:  OrderID: 26 | Array
(
    [type_id] => 2
    [user_ip] => 188.93.90.240
    [return_url] => https://www.autobus.ge/en/order/response
    [amount] => 0.1
    [user_id] => 52
    [operator_id] => 10
    [operator_service_id] => 9
)

[1-September-2020 12:15:04 UTC] Create Order:  OrderID: 27 | Array
(
    [type_id] => 2
    [user_ip] => 188.93.90.240
    [return_url] => https://www.autobus.ge/en/order/response
    [amount] => 0.1
    [user_id] => 53
    [operator_id] => 10
    [operator_service_id] => 9
)

[1-September-2020 12:33:13 UTC] Create Order:  OrderID: 28 | Array
(
    [type_id] => 2
    [user_ip] => 188.93.90.240
    [return_url] => https://www.autobus.ge/en/order/response
    [amount] => 0.1
    [user_id] => 54
    [operator_id] => 10
    [operator_service_id] => 9
)

[1-September-2020 12:39:34 UTC] Create Order:  OrderID: 29 | Array
(
    [type_id] => 2
    [user_ip] => 188.93.90.240
    [return_url] => https://www.autobus.ge/en/order/response
    [amount] => 0.1
    [user_id] => 55
    [operator_id] => 10
    [operator_service_id] => 9
)

[1-September-2020 12:49:25 UTC] Create Order:  OrderID: 30 | Array
(
    [type_id] => 2
    [user_ip] => 188.93.90.240
    [return_url] => https://www.autobus.ge/en/order/response
    [amount] => 0.1
    [user_id] => 56
    [operator_id] => 10
    [operator_service_id] => 9
)

[1-September-2020 12:49:39 UTC] Create Order:  OrderID: 31 | Array
(
    [type_id] => 2
    [user_ip] => 188.93.90.240
    [return_url] => https://www.autobus.ge/en/order/response
    [amount] => 0.1
    [user_id] => 57
    [operator_id] => 10
    [operator_service_id] => 9
)

[1-September-2020 13:03:05 UTC] Create Order:  OrderID: 32 | Array
(
    [type_id] => 2
    [user_ip] => 188.93.90.240
    [return_url] => https://www.autobus.ge/en/order/response
    [amount] => 0.1
    [user_id] => 58
    [operator_id] => 10
    [operator_service_id] => 9
)

[1-September-2020 14:11:23 UTC] Create Order:  OrderID: 33 | Array
(
    [type_id] => 2
    [user_ip] => 188.93.90.240
    [return_url] => https://www.autobus.ge/en/order/response
    [amount] => 0.1
    [user_id] => 59
    [operator_id] => 10
    [operator_service_id] => 9
    [token] => 824f2c546b22e152f761b7b8bb0bf57a
)

[3-September-2020 10:09:09 UTC] Create Order:  OrderID: 34 | Array
(
    [type_id] => 2
    [user_ip] => 188.93.90.240
    [return_url] => https://www.autobus.ge/order/response
    [amount] => 234
    [user_id] => 60
    [operator_id] => 10
    [operator_service_id] => 9
    [token] => e8e622ac3c0605faf2524fcf8a877a27
)

[4-September-2020 07:49:58 UTC] Create Order:  OrderID: 35 | Array
(
    [type_id] => 2
    [user_ip] => 188.93.90.240
    [return_url] => https://www.autobus.ge/order/response
    [amount] => 399
    [user_id] => 1
    [operator_id] => 10
    [operator_service_id] => 9
    [token] => c1dc886816578838e5eb8f0295e9fee9
)

[4-September-2020 07:50:59 UTC] Create Order:  OrderID: 36 | Array
(
    [type_id] => 2
    [user_ip] => 188.93.90.240
    [return_url] => https://www.autobus.ge/order/response
    [amount] => 300
    [user_id] => 2
    [operator_id] => 10
    [operator_service_id] => 9
    [token] => a4cd252eee24f46ed21e9b66598ce8d4
)

[4-September-2020 07:58:13 UTC] Create Order:  OrderID: 37 | Array
(
    [type_id] => 2
    [user_ip] => 188.93.90.240
    [return_url] => https://www.autobus.ge/order/response
    [amount] => 500
    [user_id] => 3
    [operator_id] => 10
    [operator_service_id] => 9
    [token] => ddd8ba1a3aeb01c3027e845471ea503d
)

[4-September-2020 10:14:18 UTC] Create Order:  OrderID: 38 | Array
(
    [type_id] => 2
    [user_ip] => 188.93.90.240
    [return_url] => https://www.autobus.ge/order/response
    [amount] => 13
    [user_id] => 1
    [operator_id] => 10
    [operator_service_id] => 9
    [token] => 4ebd9b04a66e851c88b180e946a78bf3
)

[9-September-2020 05:19:04 UTC] Create Order:  OrderID: 39 | Array
(
    [type_id] => 2
    [user_ip] => 188.93.90.240
    [return_url] => https://www.autobus.ge/order/response
    [amount] => 34
    [user_id] => 2
    [operator_id] => 10
    [operator_service_id] => 9
    [token] => 27a890f6bf6b67c53c32c95d022ebc4d
)

[9-September-2020 05:23:59 UTC] Create Order:  OrderID: 40 | Array
(
    [type_id] => 2
    [user_ip] => 188.93.90.240
    [return_url] => https://www.autobus.ge/order/response
    [amount] => 34
    [user_id] => 3
    [operator_id] => 10
    [operator_service_id] => 9
    [token] => 5124c4143845e86372b099b555a458fc
)

[9-September-2020 05:36:52 UTC] Create Order:  OrderID: 41 | Array
(
    [type_id] => 2
    [user_ip] => 188.93.90.240
    [return_url] => https://www.autobus.ge/order/response
    [amount] => 34
    [user_id] => 4
    [operator_id] => 10
    [operator_service_id] => 9
    [token] => 21ee6f6787e94fa3bc37c9fd2c5c70c6
)

[9-September-2020 05:47:33 UTC] Create Order:  OrderID: 42 | Array
(
    [type_id] => 2
    [user_ip] => 188.93.90.240
    [return_url] => https://www.autobus.ge/order/response
    [amount] => 34
    [user_id] => 5
    [operator_id] => 10
    [operator_service_id] => 9
    [token] => a260427b0d69927f3797349d99488c1a
)

[9-September-2020 05:49:12 UTC] Create Order:  OrderID: 43 | Array
(
    [type_id] => 2
    [user_ip] => 188.93.90.240
    [return_url] => https://www.autobus.ge/order/response
    [amount] => 342
    [user_id] => 6
    [operator_id] => 10
    [operator_service_id] => 9
    [token] => bd88c35e35d691caaf76c18f4e905771
)

[9-September-2020 05:51:46 UTC] Create Order:  OrderID: 44 | Array
(
    [type_id] => 2
    [user_ip] => 188.93.90.240
    [return_url] => https://www.autobus.ge/order/response
    [amount] => 34
    [user_id] => 7
    [operator_id] => 10
    [operator_service_id] => 9
    [token] => d7adb193a5edebfca25afeccc8e5f31d
)

[9-September-2020 05:52:36 UTC] Create Order:  OrderID: 45 | Array
(
    [type_id] => 2
    [user_ip] => 188.93.90.240
    [return_url] => https://www.autobus.ge/order/response
    [amount] => 34
    [user_id] => 8
    [operator_id] => 10
    [operator_service_id] => 9
    [token] => d171e6b7ac81d46f9ad55d6eadf68005
)

[9-September-2020 05:54:59 UTC] Create Order:  OrderID: 46 | Array
(
    [type_id] => 2
    [user_ip] => 188.93.90.240
    [return_url] => https://www.autobus.ge/order/response
    [amount] => 34
    [user_id] => 9
    [operator_id] => 10
    [operator_service_id] => 9
    [token] => 16190d0a3de6e21e57a477c6cb64cb55
)

[9-September-2020 06:01:20 UTC] Create Order:  OrderID: 47 | Array
(
    [type_id] => 2
    [user_ip] => 188.93.90.240
    [return_url] => https://www.autobus.ge/order/response
    [amount] => 34
    [user_id] => 10
    [operator_id] => 10
    [operator_service_id] => 9
    [token] => 17eaaa1f030ad45f802eddd219b24b63
)

[9-September-2020 06:01:56 UTC] Create Order:  OrderID: 48 | Array
(
    [type_id] => 2
    [user_ip] => 188.93.90.240
    [return_url] => https://www.autobus.ge/order/response
    [amount] => 34
    [user_id] => 11
    [operator_id] => 10
    [operator_service_id] => 9
    [token] => 965a4b659b995655904dc807a3361add
)

[9-September-2020 06:03:31 UTC] Create Order:  OrderID: 49 | Array
(
    [type_id] => 2
    [user_ip] => 188.93.90.240
    [return_url] => https://www.autobus.ge/order/response
    [amount] => 34
    [user_id] => 12
    [operator_id] => 10
    [operator_service_id] => 9
    [token] => f52f6f01b17a1fc704f8323f95dffe36
)

[9-September-2020 06:04:29 UTC] Create Order:  OrderID: 50 | Array
(
    [type_id] => 2
    [user_ip] => 188.93.90.240
    [return_url] => https://www.autobus.ge/order/response
    [amount] => 34
    [user_id] => 13
    [operator_id] => 10
    [operator_service_id] => 9
    [token] => eb53b03fb8981de0a591b63dde3eb186
)

[9-September-2020 06:05:12 UTC] Create Order:  OrderID: 51 | Array
(
    [type_id] => 2
    [user_ip] => 188.93.90.240
    [return_url] => https://www.autobus.ge/order/response
    [amount] => 34
    [user_id] => 14
    [operator_id] => 10
    [operator_service_id] => 9
    [token] => 7cf52a14644cbfef8e0c443733d31245
)

[9-September-2020 06:05:53 UTC] Create Order:  OrderID: 52 | Array
(
    [type_id] => 2
    [user_ip] => 188.93.90.240
    [return_url] => https://www.autobus.ge/order/response
    [amount] => 34
    [user_id] => 15
    [operator_id] => 10
    [operator_service_id] => 9
    [token] => ac9a2fb815a8412470832ad33cf0fc3d
)

[9-September-2020 06:07:23 UTC] Create Order:  OrderID: 53 | Array
(
    [type_id] => 2
    [user_ip] => 188.93.90.240
    [return_url] => https://www.autobus.ge/order/response
    [amount] => 34
    [user_id] => 16
    [operator_id] => 10
    [operator_service_id] => 9
    [token] => 80b80b4e70e2392454c621c3347db0b0
)

[9-September-2020 08:34:46 UTC] Create Order:  OrderID: 54 | Array
(
    [type_id] => 2
    [user_ip] => 188.93.90.240
    [return_url] => https://www.autobus.ge/order/response
    [amount] => 13
    [user_id] => 17
    [operator_id] => 10
    [operator_service_id] => 9
    [token] => 93a28c3632a52c3eed8513cf0abfc40c
)

[9-September-2020 08:35:00 UTC] Create Order:  OrderID: 55 | Array
(
    [type_id] => 2
    [user_ip] => 188.93.90.240
    [return_url] => https://www.autobus.ge/order/response
    [amount] => 13
    [user_id] => 18
    [operator_id] => 10
    [operator_service_id] => 9
    [token] => 5669532f106141bb6f7802797ef3de88
)

[9-September-2020 08:52:22 UTC] Create Order:  OrderID: 56 | Array
(
    [type_id] => 2
    [user_ip] => 188.93.90.240
    [return_url] => https://www.autobus.ge/order/response
    [amount] => 13
    [user_id] => 19
    [operator_id] => 10
    [operator_service_id] => 9
    [token] => 78e4157595b97ae0ec4748968d822589
)

[9-September-2020 08:52:53 UTC] Create Order:  OrderID: 57 | Array
(
    [type_id] => 2
    [user_ip] => 188.93.90.240
    [return_url] => https://www.autobus.ge/order/response
    [amount] => 13
    [user_id] => 20
    [operator_id] => 10
    [operator_service_id] => 9
    [token] => 6626c42c3efcb3f3cf5906541cb102b4
)

[9-September-2020 08:53:11 UTC] Create Order:  OrderID: 58 | Array
(
    [type_id] => 2
    [user_ip] => 188.93.90.240
    [return_url] => https://www.autobus.ge/order/response
    [amount] => 13
    [user_id] => 21
    [operator_id] => 10
    [operator_service_id] => 9
    [token] => 2a2080c36cdda1fa7f8bedd0b6faf083
)

[9-September-2020 08:57:25 UTC] Create Order:  OrderID: 59 | Array
(
    [type_id] => 2
    [user_ip] => 188.93.90.240
    [return_url] => https://www.autobus.ge/order/response
    [amount] => 13
    [user_id] => 22
    [operator_id] => 10
    [operator_service_id] => 9
    [token] => cf15fac141251d591d54f67dff1a7563
)

[9-September-2020 08:58:38 UTC] Create Order:  OrderID: 60 | Array
(
    [type_id] => 2
    [user_ip] => 188.93.90.240
    [return_url] => https://www.autobus.ge/order/response
    [amount] => 13
    [user_id] => 23
    [operator_id] => 10
    [operator_service_id] => 9
    [token] => 54fc60ef2c8d4c5bf0d3a501a6925286
)

[9-September-2020 09:03:52 UTC] Create Order:  OrderID: 61 | Array
(
    [type_id] => 2
    [user_ip] => 188.93.90.240
    [return_url] => https://www.autobus.ge/order/response
    [amount] => 41
    [user_id] => 24
    [operator_id] => 10
    [operator_service_id] => 9
    [token] => 5be8d483359ca7d330239aacf92e5953
)

[9-September-2020 09:10:15 UTC] Create Order:  OrderID: 62 | Array
(
    [type_id] => 2
    [user_ip] => 188.93.90.240
    [return_url] => https://www.autobus.ge/order/response
    [amount] => 13
    [user_id] => 25
    [operator_id] => 10
    [operator_service_id] => 9
    [token] => 7da7784679eafc1198cc60751497ac00
)

[9-September-2020 09:10:44 UTC] Create Order:  OrderID: 63 | Array
(
    [type_id] => 2
    [user_ip] => 188.93.90.240
    [return_url] => https://www.autobus.ge/order/response
    [amount] => 13
    [user_id] => 26
    [operator_id] => 10
    [operator_service_id] => 9
    [token] => 5a5b4dc701fc1da758d6bfc0d93d9a76
)

[10-September-2020 10:46:37 UTC] Create Order:  OrderID: 64 | Array
(
    [type_id] => 2
    [user_ip] => 188.93.90.240
    [return_url] => https://www.autobus.ge/order/response
    [amount] => 34
    [user_id] => 27
    [operator_id] => 10
    [operator_service_id] => 9
    [token] => c8290a85e76500008ef4461deda04bb1
)

[10-September-2020 10:47:28 UTC] Create Order:  OrderID: 65 | Array
(
    [type_id] => 2
    [user_ip] => 188.93.90.240
    [return_url] => https://www.autobus.ge/order/response
    [amount] => 34
    [user_id] => 28
    [operator_id] => 10
    [operator_service_id] => 9
    [token] => 9ec94f8baab5b4e98a728f6ca6a98927
)

[10-September-2020 10:49:26 UTC] Create Order:  OrderID: 66 | Array
(
    [type_id] => 2
    [user_ip] => 188.93.90.240
    [return_url] => https://www.autobus.ge/order/response
    [amount] => 1
    [user_id] => 29
    [operator_id] => 10
    [operator_service_id] => 9
    [token] => 47205d4001f2b3a3b11a9c7766443861
)

[10-September-2020 10:56:13 UTC] Create Order:  OrderID: 67 | Array
(
    [type_id] => 2
    [user_ip] => 188.93.90.240
    [return_url] => https://www.autobus.ge/order/response
    [amount] => 1
    [user_id] => 30
    [operator_id] => 10
    [operator_service_id] => 9
    [token] => 34224df0209e75533c76f17ae67ad731
)

[10-September-2020 10:56:14 UTC] Create Order:  OrderID: 68 | Array
(
    [type_id] => 2
    [user_ip] => 188.93.90.240
    [return_url] => https://www.autobus.ge/order/response
    [amount] => 1
    [user_id] => 31
    [operator_id] => 10
    [operator_service_id] => 9
    [token] => ca58e07d4a72d5235c044d85e829f1ca
)

[10-September-2020 12:07:15 UTC] Create Order:  OrderID: 69 | Array
(
    [type_id] => 2
    [user_ip] => 188.93.90.240
    [return_url] => https://www.autobus.ge/order/response
    [amount] => 1
    [user_id] => 32
    [operator_id] => 10
    [operator_service_id] => 9
    [token] => 0f29d5919b77a5d71842d93909bfefba
)

[10-September-2020 12:18:28 UTC] Create Order:  OrderID: 70 | Array
(
    [type_id] => 2
    [user_ip] => 188.93.90.240
    [return_url] => https://www.autobus.ge/order/response
    [amount] => 1
    [user_id] => 33
    [operator_id] => 10
    [operator_service_id] => 9
    [token] => 617c79f64ff131e8cd41f7cd2cfaf37e
)

[10-September-2020 14:38:36 UTC] Create Order:  OrderID: 71 | Array
(
    [type_id] => 2
    [user_ip] => 188.93.90.240
    [return_url] => https://www.autobus.ge/order/response
    [amount] => 13
    [user_id] => 34
    [operator_id] => 10
    [operator_service_id] => 9
    [token] => 91e31c1a74be76ad33e9ed8520f1f824
)

[10-September-2020 14:53:46 UTC] Create Order:  OrderID: 72 | Array
(
    [type_id] => 2
    [user_ip] => 188.93.90.240
    [return_url] => https://www.autobus.ge/order/response
    [amount] => 11
    [user_id] => 35
    [operator_id] => 10
    [operator_service_id] => 9
    [token] => 95f8283c53d7e1ead1d007f34816f2b0
)

[10-September-2020 14:55:06 UTC] Create Order:  OrderID: 73 | Array
(
    [type_id] => 2
    [user_ip] => 188.93.90.240
    [return_url] => https://www.autobus.ge/order/response
    [amount] => 13
    [user_id] => 36
    [operator_id] => 10
    [operator_service_id] => 9
    [token] => b54dd6ec5c5b0d1da7a24e3b7ddb07bd
)

[10-September-2020 14:55:14 UTC] Create Order:  OrderID: 74 | Array
(
    [type_id] => 2
    [user_ip] => 188.93.90.240
    [return_url] => https://www.autobus.ge/order/response
    [amount] => 11
    [user_id] => 37
    [operator_id] => 10
    [operator_service_id] => 9
    [token] => 07d3d50bba99a324fb501818a15af95f
)

[10-September-2020 14:55:25 UTC] Create Order:  OrderID: 75 | Array
(
    [type_id] => 2
    [user_ip] => 188.93.90.240
    [return_url] => https://www.autobus.ge/order/response
    [amount] => 13
    [user_id] => 38
    [operator_id] => 10
    [operator_service_id] => 9
    [token] => d58ec899f4e08ec597d9d82c37429030
)

[11-September-2020 12:39:45 UTC] Create Order:  OrderID: 76 | Array
(
    [type_id] => 2
    [user_ip] => 188.93.90.240
    [return_url] => https://www.autobus.ge/order/response
    [amount] => 1
    [user_id] => 39
    [operator_id] => 10
    [operator_service_id] => 9
    [token] => 3a908403fbe4bbc4c54a360511d35edd
)

[11-September-2020 12:40:03 UTC] Create Order:  OrderID: 77 | Array
(
    [type_id] => 2
    [user_ip] => 188.93.90.240
    [return_url] => https://www.autobus.ge/order/response
    [amount] => 1
    [user_id] => 40
    [operator_id] => 10
    [operator_service_id] => 9
    [token] => f4cb5d5cd4a78252e85916eb1f8f5b13
)

[11-September-2020 12:44:05 UTC] Create Order:  OrderID: 78 | Array
(
    [type_id] => 2
    [user_ip] => 188.93.90.240
    [return_url] => https://www.autobus.ge/order/response
    [amount] => 1
    [user_id] => 41
    [operator_id] => 10
    [operator_service_id] => 9
    [token] => 1acc23170acf0da0fe814426ae6caaac
)

